* using log directory 'C:/Users/Owner/Desktop/MetabolomicsPipeline/MetabolomicsPipeline.Rcheck'
* using R version 4.4.0 (2024-04-24 ucrt)
* using platform: x86_64-w64-mingw32
* R was compiled by
    gcc.exe (GCC) 13.2.0
    GNU Fortran (GCC) 13.2.0
* running under: Windows 11 x64 (build 22631)
* using session charset: UTF-8
* using option '--no-build-vignettes'
* checking for file 'MetabolomicsPipeline/DESCRIPTION' ... OK
* this is package 'MetabolomicsPipeline' version '0.99.0'
* package encoding: UTF-8
* checking package namespace information ... OK
* checking package dependencies ... OK
* checking if this is a source package ... OK
* checking if there is a namespace ... OK
* checking for executable files ... OK
* checking for hidden files and directories ... OK
* checking for portable file names ... OK
* checking whether package 'MetabolomicsPipeline' can be installed ... OK
* checking installed package size ... OK
* checking package directory ... OK
* checking 'build' directory ... OK
* checking DESCRIPTION meta-information ... OK
* checking top-level files ... OK
* checking for left-over files ... OK
* checking index information ... OK
* checking package subdirectories ... OK
* checking code files for non-ASCII characters ... OK
* checking R files for syntax errors ... OK
* checking whether the package can be loaded ... OK
* checking whether the package can be loaded with stated dependencies ... OK
* checking whether the package can be unloaded cleanly ... OK
* checking whether the namespace can be loaded with stated dependencies ... OK
* checking whether the namespace can be unloaded cleanly ... OK
* checking loading without being on the library search path ... OK
* checking dependencies in R code ... OK
* checking S3 generic/method consistency ... OK
* checking replacement functions ... OK
* checking foreign function calls ... OK
* checking R code for possible problems ... NOTE
all_sig_subpath: no visible binding for global variable 'model'
all_sig_subpath: no visible binding for global variable 'sub_pathway'
all_sig_subpath: no visible global function definition for 'ends_with'
all_sig_subpath: no visible binding for global variable 'pval'
met_est_heatmap: no visible binding for global variable 'Overall_pval'
met_est_heatmap: no visible binding for global variable 'Contrast'
met_est_heatmap: no visible binding for global variable 'logFoldChange'
met_p_heatmap: no visible binding for global variable 'Overall_pval'
met_p_heatmap: no visible binding for global variable 'Contrast'
met_p_heatmap: no visible binding for global variable 'P_value'
met_within_sub: no visible binding for global variable 'sub_pathway'
met_within_sub: no visible binding for global variable 'chem_name'
met_within_sub : <anonymous>: no visible binding for global variable
  'sub_pathway'
met_within_sub : <anonymous>: no visible binding for global variable
  'chem_name'
metabolite_heatmap: no visible binding for global variable 'Row.names'
metabolite_heatmap: no visible binding for global variable
  'PARENT_SAMPLE_NAME'
metabolite_heatmap : <anonymous>: no visible binding for global
  variable 'PARENT_SAMPLE_NAME'
metabolite_pairwise: no visible binding for global variable 'Row.names'
metabolite_pca: no visible binding for global variable 'Row.names'
subpath_by_model: no visible binding for global variable 'model'
subpath_by_model: no visible binding for global variable 'sub_pathway'
subpath_by_model: no visible global function definition for 'ends_with'
subpath_within_superpath: no visible binding for global variable
  'model'
subpath_within_superpath: no visible binding for global variable
  'sub_pathway'
subpath_within_superpath: no visible binding for global variable
  'super_pathway'
subpath_within_superpath: no visible global function definition for
  'ends_with'
subpath_within_superpath: no visible binding for global variable
  'percent_sig'
subpath_within_superpath: no visible binding for global variable
  'sig_paths'
subpath_within_superpath: no visible binding for global variable
  'subpaths'
subpathway_analysis: no visible binding for global variable 'Row.names'
subpathway_analysis: no visible binding for global variable
  'sub_pathway'
subpathway_boxplots: no visible binding for global variable 'Row.names'
subpathway_boxplots: no visible binding for global variable 'group'
subpathway_boxplots: no visible binding for global variable 'X'
subpathway_boxplots: no visible binding for global variable 'value'
subpathway_lineplots: no visible binding for global variable
  'Row.names'
subpathway_lineplots: no visible binding for global variable 'treat'
subpathway_lineplots: no visible binding for global variable 'X'
subpathway_lineplots: no visible binding for global variable 'value'
Undefined global functions or variables:
  Contrast Overall_pval PARENT_SAMPLE_NAME P_value Row.names X
  chem_name ends_with group logFoldChange model percent_sig pval
  sig_paths sub_pathway subpaths super_pathway treat value
* checking Rd files ... OK
* checking Rd metadata ... OK
* checking Rd cross-references ... OK
* checking for missing documentation entries ... OK
* checking for code/documentation mismatches ... OK
* checking Rd \usage sections ... OK
* checking Rd contents ... OK
* checking for unstated dependencies in examples ... OK
* checking contents of 'data' directory ... OK
* checking data for non-ASCII characters ... OK
* checking data for ASCII and uncompressed saves ... OK
* checking installed files from 'inst/doc' ... OK
* checking files in 'vignettes' ... OK
* checking examples ... OK
* checking for unstated dependencies in 'tests' ... OK
* checking tests ... OK
  Running 'testthat.R'
* checking for unstated dependencies in vignettes ... OK
* checking package vignettes ... OK
* checking running R code from vignettes ... OK
  'MetabolomicsPipeline-vignette.Rmd' using 'UTF-8'... OK
* checking re-building of vignette outputs ... SKIPPED
* checking PDF version of manual ... WARNING
LaTeX errors when creating PDF version.
This typically indicates Rd problems.
LaTeX errors found:
!pdfTeX error: pdflatex (file t1-zi4r-0): Font t1-zi4r-0 at 540 not found
 ==> Fatal error occurred, no output PDF file produced!
* checking PDF version of manual without index ... OK
* DONE
Status: 1 WARNING, 1 NOTE
